Build started 2012-06-10 22:36:25.
     1>Project "D:\Folder roboczy\VSprojects\Sudoku\Sudoku\Sudoku.vcxproj" on node 2 (build target(s)).
     1>InitializeBuildStatus:
         Touching "Release\Sudoku.unsuccessfulbuild".
       ClCompile:
         All outputs are up-to-date.
         All outputs are up-to-date.
       ResourceCompile:
         All outputs are up-to-date.
       Link:
         d:\Program Files\Microsoft Visual Studio 10.0\VC\bin\link.exe /ERRORREPORT:PROMPT /OUT:"D:\Folder roboczy\VSprojects\Sudoku\Release\Sudoku.exe" /INCREMENTAL:NO /NOLOGO /LIBPATH:"D:\boost_1_49_0\bin.v2\libs\serialization\build\msvc-10.0\release\link-static\threading-multi" /LIBPATH:D:\OpenCV\build\install\lib opencv_core231.lib opencv_highgui231.lib opencv_imgproc231.lib "libboost_serialization-vc100-mt-1_49.lib" /MANIFEST /ManifestFile:"Release\Sudoku.exe.intermediate.manifest" /MANIFESTUAC:"level='asInvoker' uiAccess='false'" /DEBUG /PDB:"D:\Folder roboczy\VSprojects\Sudoku\Release\Sudoku.pdb" /SUBSYSTEM:WINDOWS /OPT:REF /OPT:ICF /LTCG /TLBID:1 /ENTRY:"wWinMainCRTStartup" /DYNAMICBASE /NXCOMPAT /IMPLIB:"D:\Folder roboczy\VSprojects\Sudoku\Release\Sudoku.lib" /MACHINE:X86 Release\Sudoku.res
         Release\DigitExtractor.obj
         Release\DigitRecognizerInterface.obj
         Release\ImageAcquirer.obj
         Release\ImageProcessing.obj
         Release\ImageUtilities.obj
         Release\MathUtilities.obj
         Release\MyMoments.obj
         Release\NormalizedCentralMomentsRecognizer.obj
         Release\SolutionSender.obj
         Release\SolutionViewer.obj
         Release\SudokuExtractor.obj
         Release\SudokuSolver.obj
         Release\DigitExtractorDlg.obj
         Release\ImageViewer.obj
         Release\stdafx.obj
         Release\Sudoku.obj
         Release\SudokuDlg.obj
         Release\SudokuExtracotrDlg.obj
            Creating library D:\Folder roboczy\VSprojects\Sudoku\Release\Sudoku.lib and object D:\Folder roboczy\VSprojects\Sudoku\Release\Sudoku.exp
         Generating code
         Finished generating code
         Sudoku.vcxproj -> D:\Folder roboczy\VSprojects\Sudoku\Release\Sudoku.exe
       Manifest:
         C:\Program Files\Microsoft SDKs\Windows\v7.0A\bin\mt.exe /nologo /verbose /outputresource:"D:\Folder roboczy\VSprojects\Sudoku\Release\Sudoku.exe;#1" /manifest Release\Sudoku.exe.intermediate.manifest "d:\Program Files\Microsoft Visual Studio 10.0\VC\Include\Manifest\dpiaware.manifest"
       FinalizeBuildStatus:
         Deleting file "Release\Sudoku.unsuccessfulbuild".
         Touching "Release\Sudoku.lastbuildstate".
     1>Done Building Project "D:\Folder roboczy\VSprojects\Sudoku\Sudoku\Sudoku.vcxproj" (build target(s)).

Build succeeded.

Time Elapsed 00:00:06.62
